[0421/111215.049:ERROR:child_thread_impl.cc(762)] Request for unknown Channel-associated interface: ui::mojom::GpuMain
[0421/111928.725:ERROR:child_thread_impl.cc(762)] Request for unknown Channel-associated interface: ui::mojom::GpuMain
[0421/112004.116:ERROR:child_thread_impl.cc(762)] Request for unknown Channel-associated interface: ui::mojom::GpuMain
[0421/112112.187:ERROR:child_thread_impl.cc(762)] Request for unknown Channel-associated interface: ui::mojom::GpuMain
[0421/131119.224:ERROR:child_thread_impl.cc(762)] Request for unknown Channel-associated interface: ui::mojom::GpuMain
[0421/131159.090:ERROR:child_thread_impl.cc(762)] Request for unknown Channel-associated interface: ui::mojom::GpuMain
[0421/131305.911:ERROR:child_thread_impl.cc(762)] Request for unknown Channel-associated interface: ui::mojom::GpuMain
[0421/131841.725:ERROR:child_thread_impl.cc(762)] Request for unknown Channel-associated interface: ui::mojom::GpuMain
[0421/132006.155:ERROR:child_thread_impl.cc(762)] Request for unknown Channel-associated interface: ui::mojom::GpuMain
[0421/132035.081:ERROR:child_thread_impl.cc(762)] Request for unknown Channel-associated interface: ui::mojom::GpuMain
[0421/132109.406:ERROR:child_thread_impl.cc(762)] Request for unknown Channel-associated interface: ui::mojom::GpuMain
[0421/132142.465:ERROR:child_thread_impl.cc(762)] Request for unknown Channel-associated interface: ui::mojom::GpuMain
[0421/132935.141:ERROR:child_thread_impl.cc(762)] Request for unknown Channel-associated interface: ui::mojom::GpuMain
[0421/133617.862:ERROR:child_thread_impl.cc(762)] Request for unknown Channel-associated interface: ui::mojom::GpuMain
[0421/133725.148:ERROR:child_thread_impl.cc(762)] Request for unknown Channel-associated interface: ui::mojom::GpuMain
[0421/134024.817:ERROR:child_thread_impl.cc(762)] Request for unknown Channel-associated interface: ui::mojom::GpuMain
[0421/140753.114:ERROR:child_thread_impl.cc(762)] Request for unknown Channel-associated interface: ui::mojom::GpuMain
[0421/140834.388:ERROR:child_thread_impl.cc(762)] Request for unknown Channel-associated interface: ui::mojom::GpuMain
[0421/142214.650:ERROR:child_thread_impl.cc(762)] Request for unknown Channel-associated interface: ui::mojom::GpuMain
[0421/142227.485:ERROR:child_thread_impl.cc(762)] Request for unknown Channel-associated interface: ui::mojom::GpuMain
[0421/142536.618:ERROR:child_thread_impl.cc(762)] Request for unknown Channel-associated interface: ui::mojom::GpuMain
[0421/143048.940:ERROR:child_thread_impl.cc(762)] Request for unknown Channel-associated interface: ui::mojom::GpuMain
[0421/143202.114:ERROR:child_thread_impl.cc(762)] Request for unknown Channel-associated interface: ui::mojom::GpuMain
[0421/144008.478:ERROR:child_thread_impl.cc(762)] Request for unknown Channel-associated interface: ui::mojom::GpuMain
[0421/144910.249:ERROR:child_thread_impl.cc(762)] Request for unknown Channel-associated interface: ui::mojom::GpuMain
[0421/144924.108:WARNING:quota_manager.cc(1833)] Create directory failed for path
[0421/144924.109:WARNING:quota_manager.cc(1833)] Create directory failed for path
[0421/144926.866:ERROR:render_process_host_impl.cc(2077)] Request for unknown Channel-associated interface: device::mojom::ScreenOrientationListener
[0421/145302.863:WARNING:htmlmediaelement.cpp(1949)] currentPlaybackPosition readyState = 4 but no webMeidaPlayer to provide currentPlaybackPosition
[0421/145319.522:WARNING:htmlmediaelement.cpp(1949)] currentPlaybackPosition readyState = 4 but no webMeidaPlayer to provide currentPlaybackPosition
[0421/145334.977:WARNING:htmlmediaelement.cpp(1949)] currentPlaybackPosition readyState = 4 but no webMeidaPlayer to provide currentPlaybackPosition
[0421/145336.288:WARNING:htmlmediaelement.cpp(1949)] currentPlaybackPosition readyState = 4 but no webMeidaPlayer to provide currentPlaybackPosition
[0421/145337.637:WARNING:htmlmediaelement.cpp(1949)] currentPlaybackPosition readyState = 4 but no webMeidaPlayer to provide currentPlaybackPosition
[0421/145401.372:WARNING:htmlmediaelement.cpp(1949)] currentPlaybackPosition readyState = 4 but no webMeidaPlayer to provide currentPlaybackPosition
[0421/152523.223:ERROR:child_thread_impl.cc(762)] Request for unknown Channel-associated interface: ui::mojom::GpuMain
[0421/152537.246:ERROR:render_media_log.cc(30)] MediaEvent: MEDIA_ERROR_LOG_ENTRY {"error":"FFmpegDemuxer: open context failed"}
[0421/152537.246:ERROR:render_media_log.cc(30)] MediaEvent: PIPELINE_ERROR demuxer: could not open
[0421/152537.478:ERROR:render_media_log.cc(30)] MediaEvent: MEDIA_ERROR_LOG_ENTRY {"error":"FFmpegDemuxer: open context failed"}
[0421/152537.478:ERROR:render_media_log.cc(30)] MediaEvent: PIPELINE_ERROR demuxer: could not open
[0421/160708.190:ERROR:child_thread_impl.cc(762)] Request for unknown Channel-associated interface: ui::mojom::GpuMain
[0421/165001.546:ERROR:child_thread_impl.cc(762)] Request for unknown Channel-associated interface: ui::mojom::GpuMain
[0421/170818.480:ERROR:child_thread_impl.cc(762)] Request for unknown Channel-associated interface: ui::mojom::GpuMain
[0421/170818.549:ERROR:child_thread_impl.cc(762)] Request for unknown Channel-associated interface: ui::mojom::GpuMain
[0421/170842.925:WARNING:quota_manager.cc(1833)] Create directory failed for path
[0421/170842.942:WARNING:quota_manager.cc(1833)] Create directory failed for path
[0421/170842.946:WARNING:quota_manager.cc(1833)] Create directory failed for path
[0421/170842.947:WARNING:quota_manager.cc(1833)] Create directory failed for path
[0421/171032.013:WARNING:quota_manager.cc(1833)] Create directory failed for path
[0421/171032.016:WARNING:quota_manager.cc(1833)] Create directory failed for path
[0421/171230.463:ERROR:child_thread_impl.cc(762)] Request for unknown Channel-associated interface: ui::mojom::GpuMain
[0421/171235.075:ERROR:child_thread_impl.cc(762)] Request for unknown Channel-associated interface: ui::mojom::GpuMain
[0421/171237.652:ERROR:child_thread_impl.cc(762)] Request for unknown Channel-associated interface: ui::mojom::GpuMain
[0421/171241.002:ERROR:child_thread_impl.cc(762)] Request for unknown Channel-associated interface: ui::mojom::GpuMain
